<?xml version="1.0" encoding="UTF-8"?>
<testng-results skipped="0" failed="0" ignored="0" total="1" passed="1">
  <reporter-output>
  </reporter-output>
  <suite name="Cigna Automation Script " duration-ms="7459" started-at="2019-06-18T20:04:02Z" finished-at="2019-06-18T20:04:10Z">
    <groups>
    </groups>
    <test name="Cigna Test" duration-ms="7459" started-at="2019-06-18T20:04:02Z" finished-at="2019-06-18T20:04:10Z">
      <class name="Health.Covarage">
        <test-method status="PASS" signature="setupDriver(java.lang.String, java.lang.String, java.lang.String, boolean, java.lang.String, java.lang.String)[pri:0, instance:Health.Covarage@60addb54]" name="setupDriver" is-config="true" duration-ms="5162" started-at="2019-06-18T20:04:02Z" finished-at="2019-06-18T20:04:08Z">
          <params>
            <param index="0">
              <value>
                <![CDATA[mac]]>
              </value>
            </param>
            <param index="1">
              <value>
                <![CDATA[https://www.cigna.com/]]>
              </value>
            </param>
            <param index="2">
              <value>
                <![CDATA[chrome]]>
              </value>
            </param>
            <param index="3">
              <value>
                <![CDATA[false]]>
              </value>
            </param>
            <param index="4">
              <value>
                <![CDATA[74]]>
              </value>
            </param>
            <param index="5">
              <value>
                <![CDATA[QA]]>
              </value>
            </param>
          </params>
          <reporter-output>
          </reporter-output>
        </test-method> <!-- setupDriver -->
        <test-method status="PASS" signature="HealthCovarage()[pri:0, instance:Health.Covarage@60addb54]" name="HealthCovarage" duration-ms="2038" started-at="2019-06-18T20:04:08Z" finished-at="2019-06-18T20:04:10Z">
          <reporter-output>
          </reporter-output>
        </test-method> <!-- HealthCovarage -->
        <test-method status="PASS" signature="quitDriver()[pri:0, instance:Health.Covarage@60addb54]" name="quitDriver" is-config="true" duration-ms="238" started-at="2019-06-18T20:04:10Z" finished-at="2019-06-18T20:04:10Z">
          <reporter-output>
          </reporter-output>
        </test-method> <!-- quitDriver -->
      </class> <!-- Health.Covarage -->
    </test> <!-- Cigna Test -->
  </suite> <!-- Cigna Automation Script  -->
</testng-results>
